mode: set
esep/grade-calculator/grade_calculator.go:23.37,25.2 1 0
esep/grade-calculator/grade_calculator.go:33.44,39.2 1 1
esep/grade-calculator/grade_calculator.go:41.51,44.26 2 1
esep/grade-calculator/grade_calculator.go:44.26,46.3 1 1
esep/grade-calculator/grade_calculator.go:46.8,46.33 1 1
esep/grade-calculator/grade_calculator.go:46.33,48.3 1 1
esep/grade-calculator/grade_calculator.go:48.8,48.33 1 1
esep/grade-calculator/grade_calculator.go:48.33,50.3 1 0
esep/grade-calculator/grade_calculator.go:50.8,50.33 1 1
esep/grade-calculator/grade_calculator.go:50.33,52.3 1 0
esep/grade-calculator/grade_calculator.go:54.2,54.12 1 1
esep/grade-calculator/grade_calculator.go:57.82,58.19 1 1
esep/grade-calculator/grade_calculator.go:59.18,64.5 1 1
esep/grade-calculator/grade_calculator.go:66.12,71.5 1 1
esep/grade-calculator/grade_calculator.go:73.13,78.5 1 1
esep/grade-calculator/grade_calculator.go:83.58,91.2 5 1
esep/grade-calculator/grade_calculator.go:93.41,96.31 2 1
esep/grade-calculator/grade_calculator.go:96.31,98.3 1 1
esep/grade-calculator/grade_calculator.go:100.2,100.26 1 1
